{
  "start": "2020-11-03T22:54:31.892Z",
  "end": "2020-11-03T22:54:38.527Z",
  "capabilities": {
    "acceptInsecureCerts": false,
    "browserName": "chrome",
    "browserVersion": "86.0.4240.183",
    "chrome": {
      "chromedriverVersion": "85.0.4183.87 (cd6713ebf92fa1cacc0f1a598df280093af0c5d7-refs/branch-heads/4183@{#1689})",
      "userDataDir": "/tmp/.com.google.Chrome.9efImN"
    },
    "goog:chromeOptions": {
      "debuggerAddress": "localhost:39421"
    },
    "networkConnectionEnabled": false,
    "pageLoadStrategy": "normal",
    "platformName": "linux",
    "proxy": {},
    "setWindowRect": true,
    "strictFileInteractability": false,
    "timeouts": {
      "implicit": 0,
      "pageLoad": 300000,
      "script": 30000
    },
    "unhandledPromptBehavior": "dismiss and notify",
    "webauthn:virtualAuthenticators": true,
    "webdriver.remote.sessionid": "79597e983d6c1958bc13353217ea39ad",
    "sessionId": "79597e983d6c1958bc13353217ea39ad"
  },
  "baseUrl": "https://github.com/",
  "framework": "mocha",
  "mochaOpts": {
    "timeout": 60000,
    "ui": "bdd"
  },
  "duration": 6635,
  "suites": [
    {
      "title": "Validate Search",
      "duration": 4055,
      "start": "2020-11-03T22:54:31.901Z",
      "end": "2020-11-03T22:54:35.956Z",
      "tests": [
        {
          "title": "Verify if a simple search is working correctly",
          "start": "2020-11-03T22:54:31.902Z",
          "end": "2020-11-03T22:54:35.953Z",
          "duration": 4051,
          "state": "passed",
          "screenshots": [
            "/home/thiago/Documentos/Projects/github/reports/file-1604444075951.jpeg"
          ]
        }
      ],
      "hooks": [
        {
          "start": "2020-11-03T22:54:31.903Z",
          "end": "2020-11-03T22:54:34.388Z",
          "duration": 2485,
          "title": "\"before each\" hook for \"Verify if a simple search is working correctly\"",
          "associatedSuite": "Validate Search"
        }
      ]
    },
    {
      "title": "Validate Pricing Page",
      "duration": 2457,
      "start": "2020-11-03T22:54:35.956Z",
      "end": "2020-11-03T22:54:38.413Z",
      "tests": [
        {
          "title": "Verify if the plans and values are displayed correcrly",
          "start": "2020-11-03T22:54:35.957Z",
          "end": "2020-11-03T22:54:38.412Z",
          "duration": 2455,
          "state": "passed",
          "screenshots": [
            "/home/thiago/Documentos/Projects/github/reports/file-1604444078411.jpeg"
          ]
        }
      ],
      "hooks": [
        {
          "start": "2020-11-03T22:54:35.957Z",
          "end": "2020-11-03T22:54:36.617Z",
          "duration": 660,
          "title": "\"before each\" hook for \"Verify if the plans and values are displayed correcrly\"",
          "associatedSuite": "Validate Pricing Page"
        }
      ]
    }
  ],
  "specs": [
    "/home/thiago/Documentos/Projects/github/tests/specs/navbar.e2e.js"
  ],
  "state": {
    "passed": 2,
    "failed": 0,
    "skipped": 0
  }
}