{
  "start": "2020-11-03T22:54:14.160Z",
  "end": "2020-11-03T22:54:29.222Z",
  "capabilities": {
    "acceptInsecureCerts": false,
    "browserName": "chrome",
    "browserVersion": "86.0.4240.183",
    "chrome": {
      "chromedriverVersion": "85.0.4183.87 (cd6713ebf92fa1cacc0f1a598df280093af0c5d7-refs/branch-heads/4183@{#1689})",
      "userDataDir": "/tmp/.com.google.Chrome.OWRS4p"
    },
    "goog:chromeOptions": {
      "debuggerAddress": "localhost:42457"
    },
    "networkConnectionEnabled": false,
    "pageLoadStrategy": "normal",
    "platformName": "linux",
    "proxy": {},
    "setWindowRect": true,
    "strictFileInteractability": false,
    "timeouts": {
      "implicit": 0,
      "pageLoad": 300000,
      "script": 30000
    },
    "unhandledPromptBehavior": "dismiss and notify",
    "webauthn:virtualAuthenticators": true,
    "webdriver.remote.sessionid": "5eb8aaa0e373cd1ba7487ff596d9be4c",
    "sessionId": "5eb8aaa0e373cd1ba7487ff596d9be4c"
  },
  "baseUrl": "https://github.com/",
  "framework": "mocha",
  "mochaOpts": {
    "timeout": 60000,
    "ui": "bdd"
  },
  "duration": 15062,
  "suites": [
    {
      "title": "Test Login Page",
      "duration": 14959,
      "start": "2020-11-03T22:54:14.176Z",
      "end": "2020-11-03T22:54:29.135Z",
      "tests": [
        {
          "title": "Verify if login is working correctly with invalid user and valid pass",
          "start": "2020-11-03T22:54:14.178Z",
          "end": "2020-11-03T22:54:23.029Z",
          "duration": 8851,
          "state": "failed",
          "screenshots": [
            "/home/thiago/Documentos/Projects/github/reports/file-1604444063025.jpeg"
          ],
          "error": {
            "type": "Error",
            "message": "element (\"#js-flash-container .flash-error div\") still not displayed after 5000ms",
            "stack": "Error: element (\"#js-flash-container .flash-error div\") still not displayed after 5000ms\n    at processTicksAndRejections (internal/process/task_queues.js:97:5)\n    at Context.<anonymous> (/home/thiago/Documentos/Projects/github/tests/specs/login.e2e.js:13:32)"
          }
        },
        {
          "title": "Verify if login is working correctly with valid user and invalid pass",
          "start": "2020-11-03T22:54:23.032Z",
          "end": "2020-11-03T22:54:25.647Z",
          "duration": 2615,
          "state": "passed",
          "screenshots": [
            "/home/thiago/Documentos/Projects/github/reports/file-1604444065646.jpeg"
          ]
        },
        {
          "title": "Verify if login is working correctly with valid credentials",
          "start": "2020-11-03T22:54:25.647Z",
          "end": "2020-11-03T22:54:29.135Z",
          "duration": 3488,
          "state": "passed",
          "screenshots": [
            "/home/thiago/Documentos/Projects/github/reports/file-1604444069134.jpeg"
          ]
        }
      ],
      "hooks": [
        {
          "start": "2020-11-03T22:54:14.179Z",
          "end": "2020-11-03T22:54:17.040Z",
          "duration": 2861,
          "title": "\"before each\" hook for \"Verify if login is working correctly with invalid user and valid pass\"",
          "associatedSuite": "Test Login Page"
        },
        {
          "start": "2020-11-03T22:54:23.034Z",
          "end": "2020-11-03T22:54:24.394Z",
          "duration": 1360,
          "title": "\"before each\" hook for \"Verify if login is working correctly with valid user and invalid pass\"",
          "associatedSuite": "Test Login Page"
        },
        {
          "start": "2020-11-03T22:54:25.647Z",
          "end": "2020-11-03T22:54:26.888Z",
          "duration": 1241,
          "title": "\"before each\" hook for \"Verify if login is working correctly with valid credentials\"",
          "associatedSuite": "Test Login Page"
        }
      ]
    }
  ],
  "specs": [
    "/home/thiago/Documentos/Projects/github/tests/specs/login.e2e.js"
  ],
  "state": {
    "passed": 2,
    "failed": 1,
    "skipped": 0
  }
}