{
  "start": "2020-11-03T22:53:56.613Z",
  "end": "2020-11-03T22:54:09.338Z",
  "capabilities": {
    "acceptInsecureCerts": false,
    "browserName": "chrome",
    "browserVersion": "86.0.4240.183",
    "chrome": {
      "chromedriverVersion": "85.0.4183.87 (cd6713ebf92fa1cacc0f1a598df280093af0c5d7-refs/branch-heads/4183@{#1689})",
      "userDataDir": "/tmp/.com.google.Chrome.G0uVuI"
    },
    "goog:chromeOptions": {
      "debuggerAddress": "localhost:40579"
    },
    "networkConnectionEnabled": false,
    "pageLoadStrategy": "normal",
    "platformName": "linux",
    "proxy": {},
    "setWindowRect": true,
    "strictFileInteractability": false,
    "timeouts": {
      "implicit": 0,
      "pageLoad": 300000,
      "script": 30000
    },
    "unhandledPromptBehavior": "dismiss and notify",
    "webauthn:virtualAuthenticators": true,
    "webdriver.remote.sessionid": "336c178e313a5d8911a03a66cd32f176",
    "sessionId": "336c178e313a5d8911a03a66cd32f176"
  },
  "baseUrl": "https://github.com/",
  "framework": "mocha",
  "mochaOpts": {
    "timeout": 60000,
    "ui": "bdd"
  },
  "duration": 12725,
  "suites": [
    {
      "title": "Validate Sign Up Form",
      "duration": 8971,
      "start": "2020-11-03T22:53:56.621Z",
      "end": "2020-11-03T22:54:05.592Z",
      "tests": [
        {
          "title": "Verify if Sign up is working correctly",
          "start": "2020-11-03T22:53:56.622Z",
          "end": "2020-11-03T22:54:03.677Z",
          "duration": 7055,
          "state": "passed",
          "screenshots": [
            "/home/thiago/Documentos/Projects/github/reports/file-1604444043673.jpeg"
          ]
        },
        {
          "title": "Verify if insert an existing username is displaying that it isn't available",
          "start": "2020-11-03T22:54:03.678Z",
          "end": "2020-11-03T22:54:05.590Z",
          "duration": 1912,
          "state": "passed",
          "screenshots": [
            "/home/thiago/Documentos/Projects/github/reports/file-1604444045589.jpeg"
          ]
        }
      ],
      "hooks": [
        {
          "start": "2020-11-03T22:53:56.623Z",
          "end": "2020-11-03T22:54:00.174Z",
          "duration": 3551,
          "title": "\"before each\" hook for \"Verify if Sign up is working correctly\"",
          "associatedSuite": "Validate Sign Up Form"
        },
        {
          "start": "2020-11-03T22:54:03.678Z",
          "end": "2020-11-03T22:54:04.521Z",
          "duration": 843,
          "title": "\"before each\" hook for \"Verify if insert an existing username is displaying that it isn't available\"",
          "associatedSuite": "Validate Sign Up Form"
        }
      ]
    },
    {
      "title": "Contact Sales",
      "duration": 3653,
      "start": "2020-11-03T22:54:05.592Z",
      "end": "2020-11-03T22:54:09.245Z",
      "tests": [
        {
          "title": "Verify if contact with sales is working correctly",
          "start": "2020-11-03T22:54:05.594Z",
          "end": "2020-11-03T22:54:09.245Z",
          "duration": 3651,
          "state": "passed",
          "screenshots": [
            "/home/thiago/Documentos/Projects/github/reports/file-1604444049243.jpeg"
          ]
        }
      ],
      "hooks": [
        {
          "start": "2020-11-03T22:54:05.594Z",
          "end": "2020-11-03T22:54:06.477Z",
          "duration": 883,
          "title": "\"before each\" hook for \"Verify if contact with sales is working correctly\"",
          "associatedSuite": "Contact Sales"
        }
      ]
    }
  ],
  "specs": [
    "/home/thiago/Documentos/Projects/github/tests/specs/home.e2e.js"
  ],
  "state": {
    "passed": 3,
    "failed": 0,
    "skipped": 0
  }
}